<?xml version="1.0" encoding="UTF-8"?>
<!-- Generated by org.testng.reporters.JUnitReportReporter -->
<testsuite hostname="DESKTOP-EOGLTVN" failures="0" tests="3" name="testNG.Testng1" time="0.012" errors="0" timestamp="2022-06-13T16:00:37 IST" skipped="0">
  <testcase classname="testNG.Testng1" name="snakTEST" time="0.009"/>
  <system-out/>
  <testcase classname="testNG.Testng1" name="dogTEST" time="0.002"/>
  <system-out/>
  <testcase classname="testNG.Testng1" name="dogTEST" time="0.001"/>
  <system-out/>
</testsuite> <!-- testNG.Testng1 -->
