<?xml version="1.0" encoding="UTF-8"?>
<!-- Generated by org.testng.reporters.JUnitReportReporter -->
<testsuite hostname="DESKTOP-EOGLTVN" failures="0" tests="1" name="com.crm.vtiger.campaignTestng.CreateCampaignTest" time="15.407" errors="0" timestamp="2022-06-23T16:27:30 IST" skipped="0">
  <testcase classname="com.crm.vtiger.campaignTestng.CreateCampaignTest" name="createCampaigntest" time="15.407"/>
  <system-out/>
</testsuite> <!-- com.crm.vtiger.campaignTestng.CreateCampaignTest -->
