<?xml version="1.0" encoding="UTF-8"?>
<!-- Generated by org.testng.reporters.JUnitReportReporter -->
<testsuite hostname="DESKTOP-EOGLTVN" failures="0" tests="1" name="com.crm.products.testng.Createproductwithvendors" time="14.346" errors="0" timestamp="2022-06-16T16:28:47 IST" skipped="0">
  <testcase classname="com.crm.products.testng.Createproductwithvendors" name="createproductwithvendors" time="14.346"/>
  <system-out/>
</testsuite> <!-- com.crm.products.testng.Createproductwithvendors -->
