<?xml version="1.0" encoding="UTF-8"?>
<!-- Generated by org.testng.reporters.JUnitReportReporter -->
<testsuite hostname="DESKTOP-EOGLTVN" failures="0" tests="1" name="com.crm.campaign.testng.CreateCampaign" time="12.436" errors="0" timestamp="2022-06-14T18:07:42 IST" skipped="0">
  <testcase classname="com.crm.campaign.testng.CreateCampaign" name="createCampaign" time="12.436"/>
  <system-out/>
</testsuite> <!-- com.crm.campaign.testng.CreateCampaign -->
