<?xml version="1.0" encoding="UTF-8"?>
<!-- Generated by org.testng.reporters.JUnitReportReporter -->
<testsuite hostname="DESKTOP-EOGLTVN" failures="0" tests="1" name="com.crm.campaign.testng.CreateCampaignTest" time="17.419" errors="0" timestamp="2022-06-15T16:12:34 IST" skipped="0">
  <testcase classname="com.crm.campaign.testng.CreateCampaignTest" name="createCampaign" time="17.419"/>
  <system-out/>
</testsuite> <!-- com.crm.campaign.testng.CreateCampaignTest -->
