<?xml version="1.0" encoding="UTF-8"?>
<!-- Generated by org.testng.reporters.JUnitReportReporter -->
<testsuite hostname="DESKTOP-EOGLTVN" failures="0" tests="1" name="practice.Test" time="13.580" errors="0" timestamp="2022-06-07T15:53:59 IST" skipped="0">
  <testcase classname="practice.Test" name="gridpractice" time="13.580"/>
  <system-out/>
</testsuite> <!-- practice.Test -->
