<?xml version="1.0" encoding="UTF-8"?>
<!-- Generated by org.testng.reporters.JUnitReportReporter -->
<testsuite hostname="DESKTOP-EOGLTVN" failures="0" tests="1" name="testNG.Dataprovder" time="0.000" errors="0" timestamp="2022-06-14T12:23:09 IST" skipped="1">
  <testcase classname="testNG.Dataprovder" name="bookticket" time="0.000">
    <skipped/>
  </testcase> <!-- bookticket -->
  <system-out/>
</testsuite> <!-- testNG.Dataprovder -->
