<?xml version="1.0" encoding="UTF-8"?>
<!-- Generated by org.testng.reporters.JUnitReportReporter -->
<testsuite hostname="DESKTOP-EOGLTVN" failures="0" tests="4" name="testNG.DataproviderFromExcelDataTEST" time="0.019" errors="0" timestamp="2022-06-14T13:34:01 IST" skipped="0">
  <testcase classname="testNG.DataproviderFromExcelDataTEST" name="bookticketTest" time="0.008"/>
  <system-out/>
  <testcase classname="testNG.DataproviderFromExcelDataTEST" name="bookticketTest" time="0.002"/>
  <system-out/>
  <testcase classname="testNG.DataproviderFromExcelDataTEST" name="bookticketTest" time="0.006"/>
  <system-out/>
  <testcase classname="testNG.DataproviderFromExcelDataTEST" name="bookticketTest" time="0.003"/>
  <system-out/>
</testsuite> <!-- testNG.DataproviderFromExcelDataTEST -->
