<?xml version="1.0" encoding="UTF-8"?>
<!-- Generated by org.testng.reporters.JUnitReportReporter -->
<testsuite hostname="DESKTOP-EOGLTVN" failures="0" tests="1" name="com.crm.vtiger.products.testng.Createproductwithvendors" time="15.106" errors="0" timestamp="2022-06-23T16:22:31 IST" skipped="0">
  <testcase classname="com.crm.vtiger.products.testng.Createproductwithvendors" name="createproductwithvendors" time="15.106"/>
  <system-out/>
</testsuite> <!-- com.crm.vtiger.products.testng.Createproductwithvendors -->
