<?xml version="1.0" encoding="UTF-8"?>
<!-- Generated by org.testng.reporters.JUnitReportReporter -->
<testsuite hostname="DESKTOP-EOGLTVN" failures="0" tests="1" name="com.cr.campaignTestng.CreateCampaignWithProductTest" time="14.163" errors="0" timestamp="2022-06-16T16:28:47 IST" skipped="0">
  <testcase classname="com.cr.campaignTestng.CreateCampaignWithProductTest" name="createcampaignWithproducttest" time="14.163"/>
  <system-out/>
</testsuite> <!-- com.cr.campaignTestng.CreateCampaignWithProductTest -->
