<?xml version="1.0" encoding="UTF-8"?>
<!-- Generated by org.testng.reporters.JUnitReportReporter -->
<testsuite hostname="DESKTOP-EOGLTVN" failures="0" tests="1" name="com.crm.vtiger.products.testng.Createproducts" time="15.259" errors="0" timestamp="2022-06-23T16:18:32 IST" skipped="0">
  <testcase classname="com.crm.vtiger.products.testng.Createproducts" name="createproducts" time="15.259"/>
  <system-out/>
</testsuite> <!-- com.crm.vtiger.products.testng.Createproducts -->
