<?xml version="1.0" encoding="UTF-8"?>
<!-- Generated by org.testng.reporters.JUnitReportReporter -->
<testsuite hostname="DESKTOP-EOGLTVN" failures="0" tests="1" name="com.crm.products.testng.Createproducts" time="12.588" errors="0" timestamp="2022-06-16T16:28:47 IST" skipped="0">
  <testcase classname="com.crm.products.testng.Createproducts" name="createproducts" time="12.588"/>
  <system-out/>
</testsuite> <!-- com.crm.products.testng.Createproducts -->
