<?xml version="1.0" encoding="UTF-8"?>
<!-- Generated by org.testng.reporters.JUnitReportReporter -->
<testsuite hostname="DESKTOP-EOGLTVN" failures="0" tests="1" name="com.crm.campaign.CreateCampaignWithProduct" time="15.267" errors="0" timestamp="2022-06-15T16:18:13 IST" skipped="0">
  <testcase classname="com.crm.campaign.CreateCampaignWithProduct" name="createcampaignwithproduct" time="15.267"/>
  <system-out/>
</testsuite> <!-- com.crm.campaign.CreateCampaignWithProduct -->
