<?xml version="1.0" encoding="UTF-8"?>
<!-- Generated by org.testng.reporters.JUnitReportReporter -->
<testsuite hostname="DESKTOP-EOGLTVN" failures="0" tests="1" name="com.crm.products.testng.Createproductwithcampaign" time="14.275" errors="0" timestamp="2022-06-15T15:26:22 IST" skipped="0">
  <testcase classname="com.crm.products.testng.Createproductwithcampaign" name="createproductwithcampaign" time="14.275"/>
  <system-out/>
</testsuite> <!-- com.crm.products.testng.Createproductwithcampaign -->
