<?xml version="1.0" encoding="UTF-8"?>
<!-- Generated by org.testng.reporters.JUnitReportReporter -->
<testsuite hostname="DESKTOP-EOGLTVN" failures="0" tests="3" name="testNG.DataprovideTEST1" time="0.014" errors="0" timestamp="2022-06-14T12:48:20 IST" skipped="0">
  <testcase classname="testNG.DataprovideTEST1" name="bookticketsTEST" time="0.008"/>
  <system-out/>
  <testcase classname="testNG.DataprovideTEST1" name="bookticketsTEST" time="0.003"/>
  <system-out/>
  <testcase classname="testNG.DataprovideTEST1" name="bookticketsTEST" time="0.003"/>
  <system-out/>
</testsuite> <!-- testNG.DataprovideTEST1 -->
